Log file open, 07/11/18 16:12:22
LogWindows: Failed to load 'aqProf.dll' (GetLastError=126)
LogWindows: File 'aqProf.dll' does not exist
LogWindows: Failed to load 'VtuneApi.dll' (GetLastError=126)
LogWindows: File 'VtuneApi.dll' does not exist
LogWindows: Failed to load 'VtuneApi32e.dll' (GetLastError=126)
LogWindows: File 'VtuneApi32e.dll' does not exist
LogInit: Display: Running engine for game: FinalProject
LogPlatformFile: Not using cached read wrapper
LogInit: Display: RandInit(-1446872478) SRandInit(-1446872478).
LogInit: Read version file with build ID '3944462'
LogInit: Overriding engine version to CL 4033788, compatible CL 3944462
LogInit: Registered custom module enumerator with build ID '3944462'
LogTaskGraph: Started task graph with 5 named threads and 23 total threads with 3 sets of task threads.
LogStats: Stats thread started at 0.313949
LogD3D11RHI: Aftermath initialized
LogICUInternationalization: Display: ICU TimeZone Detection - Raw Offset: -6:00, Platform Override: ''
LogModuleManager: Display: Found up-to-date module file ../../../Engine/Plugins/2D/Paper2D/Binaries/Win64/UE4Editor-Paper2D.dll (API version 3944462).
LogModuleManager: Display: Found up-to-date module file ../../../Engine/Plugins/2D/Paper2D/Binaries/Win64/UE4Editor-Paper2DEditor.dll (API version 3944462).
LogModuleManager: Display: Found up-to-date module file ../../../Engine/Plugins/2D/Paper2D/Binaries/Win64/UE4Editor-PaperSpriteSheetImporter.dll (API version 3944462).
LogModuleManager: Display: Found up-to-date module file ../../../Engine/Plugins/2D/Paper2D/Binaries/Win64/UE4Editor-PaperTiledImporter.dll (API version 3944462).
LogModuleManager: Display: Found up-to-date module file ../../../Engine/Plugins/2D/Paper2D/Binaries/Win64/UE4Editor-SmartSnapping.dll (API version 3944462).
LogModuleManager: Display: Found up-to-date module file ../../../Engine/Plugins/Blendables/LightPropagationVolume/Binaries/Win64/UE4Editor-LightPropagationVolumeRuntime.dll (API version 3944462).
LogModuleManager: Display: Found up-to-date module file ../../../Engine/Plugins/Blendables/LightPropagationVolume/Binaries/Win64/UE4Editor-LightPropagationVolumeEditor.dll (API version 3944462).
LogModuleManager: Display: Found up-to-date module file ../../../Engine/Plugins/Developer/CLionSourceCodeAccess/Binaries/Win64/UE4Editor-CLionSourceCodeAccess.dll (API version 3944462).
LogModuleManager: Display: Found up-to-date module file ../../../Engine/Plugins/Developer/GitSourceControl/Binaries/Win64/UE4Editor-GitSourceControl.dll (API version 3944462).
LogModuleManager: Display: Found up-to-date module file ../../../Engine/Plugins/Developer/PerforceSourceControl/Binaries/Win64/UE4Editor-PerforceSourceControl.dll (API version 3944462).
LogModuleManager: Display: Found up-to-date module file ../../../Engine/Plugins/Developer/SubversionSourceControl/Binaries/Win64/UE4Editor-SubversionSourceControl.dll (API version 3944462).
LogModuleManager: Display: Found up-to-date module file ../../../Engine/Plugins/Developer/UObjectPlugin/Binaries/Win64/UE4Editor-UObjectPlugin.dll (API version 3944462).
LogModuleManager: Display: Found up-to-date module file ../../../Engine/Plugins/Developer/VisualStudioCodeSourceCodeAccess/Binaries/Win64/UE4Editor-VisualStudioCodeSourceCodeAccess.dll (API version 3944462).
LogModuleManager: Display: Found up-to-date module file ../../../Engine/Plugins/Developer/VisualStudioSourceCodeAccess/Binaries/Win64/UE4Editor-VisualStudioSourceCodeAccess.dll (API version 3944462).
LogModuleManager: Display: Found up-to-date module file ../../../Engine/Plugins/Editor/AssetManagerEditor/Binaries/Win64/UE4Editor-AssetManagerEditor.dll (API version 3944462).
LogModuleManager: Display: Found up-to-date module file ../../../Engine/Plugins/Editor/CryptoKeys/Binaries/Win64/UE4Editor-CryptoKeys.dll (API version 3944462).
LogModuleManager: Display: Found up-to-date module file ../../../Engine/Plugins/Editor/CryptoKeys/Binaries/Win64/UE4Editor-CryptoKeysOpenSSL.dll (API version 3944462).
LogModuleManager: Display: Found up-to-date module file ../../../Engine/Plugins/Editor/DataValidation/Binaries/Win64/UE4Editor-DataValidation.dll (API version 3944462).
LogModuleManager: Display: Found up-to-date module file ../../../Engine/Plugins/Editor/FacialAnimation/Binaries/Win64/UE4Editor-FacialAnimation.dll (API version 3944462).
LogModuleManager: Display: Found up-to-date module file ../../../Engine/Plugins/Editor/FacialAnimation/Binaries/Win64/UE4Editor-FacialAnimationEditor.dll (API version 3944462).
LogModuleManager: Display: Found up-to-date module file ../../../Engine/Plugins/Editor/GameplayTagsEditor/Binaries/Win64/UE4Editor-GameplayTagsEditor.dll (API version 3944462).
LogModuleManager: Display: Found up-to-date module file ../../../Engine/Plugins/Editor/MobileLauncherProfileWizard/Binaries/Win64/UE4Editor-MobileLauncherProfileWizard.dll (API version 3944462).
LogModuleManager: Display: Found up-to-date module file ../../../Engine/Plugins/Editor/PluginBrowser/Binaries/Win64/UE4Editor-PluginBrowser.dll (API version 3944462).
LogModuleManager: Display: Found up-to-date module file ../../../Engine/Plugins/Editor/SpeedTreeImporter/Binaries/Win64/UE4Editor-SpeedTreeImporter.dll (API version 3944462).
LogModuleManager: Display: Found up-to-date module file ../../../Engine/Plugins/Enterprise/DatasmithContent/Binaries/Win64/UE4Editor-DatasmithContent.dll (API version 3944462).
LogModuleManager: Display: Found up-to-date module file ../../../Engine/Plugins/Experimental/AlembicImporter/Binaries/Win64/UE4Editor-AlembicImporter.dll (API version 3944462).
LogModuleManager: Display: Found up-to-date module file ../../../Engine/Plugins/Experimental/AlembicImporter/Binaries/Win64/UE4Editor-AlembicLibrary.dll (API version 3944462).
LogModuleManager: Display: Found up-to-date module file ../../../Engine/Plugins/Experimental/CharacterAI/Binaries/Win64/UE4Editor-CharacterAI.dll (API version 3944462).
LogModuleManager: Display: Found up-to-date module file ../../../Engine/Plugins/Experimental/HTML5Networking/Binaries/Win64/UE4Editor-HTML5Networking.dll (API version 3944462).
LogModuleManager: Display: Found up-to-date module file ../../../Engine/Plugins/Media/AndroidMedia/Binaries/Win64/UE4Editor-AndroidMediaEditor.dll (API version 3944462).
LogModuleManager: Display: Found up-to-date module file ../../../Engine/Plugins/Media/AndroidMedia/Binaries/Win64/UE4Editor-AndroidMediaFactory.dll (API version 3944462).
LogModuleManager: Display: Found up-to-date module file ../../../Engine/Plugins/Media/AvfMedia/Binaries/Win64/UE4Editor-AvfMediaEditor.dll (API version 3944462).
LogModuleManager: Display: Found up-to-date module file ../../../Engine/Plugins/Media/AvfMedia/Binaries/Win64/UE4Editor-AvfMediaFactory.dll (API version 3944462).
LogModuleManager: Display: Found up-to-date module file ../../../Engine/Plugins/Media/AvfMedia/Binaries/Win64/UE4Editor-AvfMediaFactory.dll (API version 3944462).
LogModuleManager: Display: Found up-to-date module file ../../../Engine/Plugins/Media/ImgMedia/Binaries/Win64/UE4Editor-ImgMedia.dll (API version 3944462).
LogModuleManager: Display: Found up-to-date module file ../../../Engine/Plugins/Media/ImgMedia/Binaries/Win64/UE4Editor-ImgMediaEditor.dll (API version 3944462).
LogModuleManager: Display: Found up-to-date module file ../../../Engine/Plugins/Media/ImgMedia/Binaries/Win64/UE4Editor-ImgMediaFactory.dll (API version 3944462).
LogModuleManager: Display: Found up-to-date module file ../../../Engine/Plugins/Media/ImgMedia/Binaries/Win64/UE4Editor-ImgMediaFactory.dll (API version 3944462).
LogModuleManager: Display: Found up-to-date module file ../../../Engine/Plugins/Media/ImgMedia/Binaries/Win64/UE4Editor-OpenExrWrapper.dll (API version 3944462).
LogModuleManager: Display: Found up-to-date module file ../../../Engine/Plugins/Media/LinearTimecode/Binaries/Win64/UE4Editor-LinearTimecode.dll (API version 3944462).
LogModuleManager: Display: Found up-to-date module file ../../../Engine/Plugins/Media/MediaCompositing/Binaries/Win64/UE4Editor-MediaCompositing.dll (API version 3944462).
LogModuleManager: Display: Found up-to-date module file ../../../Engine/Plugins/Media/MediaCompositing/Binaries/Win64/UE4Editor-MediaCompositingEditor.dll (API version 3944462).
LogModuleManager: Display: Found up-to-date module file ../../../Engine/Plugins/Media/MediaPlayerEditor/Binaries/Win64/UE4Editor-MediaPlayerEditor.dll (API version 3944462).
LogModuleManager: Display: Found up-to-date module file ../../../Engine/Plugins/Media/WmfMedia/Binaries/Win64/UE4Editor-WmfMedia.dll (API version 3944462).
LogModuleManager: Display: Found up-to-date module file ../../../Engine/Plugins/Media/WmfMedia/Binaries/Win64/UE4Editor-WmfMediaEditor.dll (API version 3944462).
LogModuleManager: Display: Found up-to-date module file ../../../Engine/Plugins/Media/WmfMedia/Binaries/Win64/UE4Editor-WmfMediaFactory.dll (API version 3944462).
LogModuleManager: Display: Found up-to-date module file ../../../Engine/Plugins/Media/WmfMedia/Binaries/Win64/UE4Editor-WmfMediaFactory.dll (API version 3944462).
LogModuleManager: Display: Found up-to-date module file ../../../Engine/Plugins/Messaging/TcpMessaging/Binaries/Win64/UE4Editor-TcpMessaging.dll (API version 3944462).
LogModuleManager: Display: Found up-to-date module file ../../../Engine/Plugins/Messaging/UdpMessaging/Binaries/Win64/UE4Editor-UdpMessaging.dll (API version 3944462).
LogModuleManager: Display: Found up-to-date module file ../../../Engine/Plugins/MovieScene/ActorSequence/Binaries/Win64/UE4Editor-ActorSequence.dll (API version 3944462).
LogModuleManager: Display: Found up-to-date module file ../../../Engine/Plugins/MovieScene/LevelSequenceEditor/Binaries/Win64/UE4Editor-LevelSequenceEditor.dll (API version 3944462).
LogModuleManager: Display: Found up-to-date module file ../../../Engine/Plugins/MovieScene/MatineeToLevelSequence/Binaries/Win64/UE4Editor-MatineeToLevelSequence.dll (API version 3944462).
LogModuleManager: Display: Found up-to-date module file ../../../Engine/Plugins/NetcodeUnitTest/NetcodeUnitTest/Binaries/Win64/UE4Editor-NetcodeUnitTest.dll (API version 3944462).
LogModuleManager: Display: Found up-to-date module file ../../../Engine/Plugins/NetcodeUnitTest/NUTUnrealEngine4/Binaries/Win64/UE4Editor-NUTUnrealEngine4.dll (API version 3944462).
LogModuleManager: Display: Found up-to-date module file ../../../Engine/Plugins/Online/OnlineSubsystem/Binaries/Win64/UE4Editor-OnlineSubsystem.dll (API version 3944462).
LogModuleManager: Display: Found up-to-date module file ../../../Engine/Plugins/Runtime/AndroidPermission/Binaries/Win64/UE4Editor-AndroidPermission.dll (API version 3944462).
LogModuleManager: Display: Found up-to-date module file ../../../Engine/Plugins/Online/OnlineSubsystemNull/Binaries/Win64/UE4Editor-OnlineSubsystemNull.dll (API version 3944462).
LogModuleManager: Display: Found up-to-date module file ../../../Engine/Plugins/Online/OnlineSubsystemUtils/Binaries/Win64/UE4Editor-OnlineSubsystemUtils.dll (API version 3944462).
LogModuleManager: Display: Found up-to-date module file ../../../Engine/Plugins/Online/OnlineSubsystemUtils/Binaries/Win64/UE4Editor-OnlineBlueprintSupport.dll (API version 3944462).
LogModuleManager: Display: Found up-to-date module file ../../../Engine/Plugins/Runtime/AndroidDeviceProfileSelector/Binaries/Win64/UE4Editor-AndroidDeviceProfileSelector.dll (API version 3944462).
LogModuleManager: Display: Found up-to-date module file ../../../Engine/Plugins/Runtime/AppleARKit/Binaries/Win64/UE4Editor-AppleARKit.dll (API version 3944462).
LogModuleManager: Display: Found up-to-date module file ../../../Engine/Plugins/Runtime/ProceduralMeshComponent/Binaries/Win64/UE4Editor-ProceduralMeshComponent.dll (API version 3944462).
LogModuleManager: Display: Found up-to-date module file ../../../Engine/Plugins/Runtime/ProceduralMeshComponent/Binaries/Win64/UE4Editor-ProceduralMeshComponentEditor.dll (API version 3944462).
LogModuleManager: Display: Found up-to-date module file ../../../Engine/Plugins/Animation/LiveLink/Binaries/Win64/UE4Editor-LiveLink.dll (API version 3944462).
LogModuleManager: Display: Found up-to-date module file ../../../Engine/Plugins/Animation/LiveLink/Binaries/Win64/UE4Editor-LiveLinkEditor.dll (API version 3944462).
LogModuleManager: Display: Found up-to-date module file ../../../Engine/Plugins/Runtime/ArchVisCharacter/Binaries/Win64/UE4Editor-ArchVisCharacter.dll (API version 3944462).
LogModuleManager: Display: Found up-to-date module file ../../../Engine/Plugins/Runtime/AudioCapture/Binaries/Win64/UE4Editor-AudioCapture.dll (API version 3944462).
LogModuleManager: Display: Found up-to-date module file ../../../Engine/Plugins/Runtime/AudioCapture/Binaries/Win64/UE4Editor-AudioCaptureEditor.dll (API version 3944462).
LogModuleManager: Display: Found up-to-date module file ../../../Engine/Plugins/Runtime/CableComponent/Binaries/Win64/UE4Editor-CableComponent.dll (API version 3944462).
LogModuleManager: Display: Found up-to-date module file ../../../Engine/Plugins/Runtime/CustomMeshComponent/Binaries/Win64/UE4Editor-CustomMeshComponent.dll (API version 3944462).
LogModuleManager: Display: Found up-to-date module file ../../../Engine/Plugins/Runtime/ExampleDeviceProfileSelector/Binaries/Win64/UE4Editor-ExampleDeviceProfileSelector.dll (API version 3944462).
LogModuleManager: Display: Found up-to-date module file ../../../Engine/Plugins/Runtime/ImmediatePhysics/Binaries/Win64/UE4Editor-ImmediatePhysics.dll (API version 3944462).
LogModuleManager: Display: Found up-to-date module file ../../../Engine/Plugins/Runtime/ImmediatePhysics/Binaries/Win64/UE4Editor-ImmediatePhysicsEditor.dll (API version 3944462).
LogModuleManager: Display: Found up-to-date module file ../../../Engine/Plugins/Runtime/LocationServicesBPLibrary/Binaries/Win64/UE4Editor-LocationServicesBPLibrary.dll (API version 3944462).
LogModuleManager: Display: Found up-to-date module file ../../../Engine/Plugins/Runtime/MobilePatchingUtils/Binaries/Win64/UE4Editor-MobilePatchingUtils.dll (API version 3944462).
LogModuleManager: Display: Found up-to-date module file ../../../Engine/Plugins/Runtime/Oculus/OculusVR/Binaries/Win64/UE4Editor-OculusHMD.dll (API version 3944462).
LogModuleManager: Display: Found up-to-date module file ../../../Engine/Plugins/Runtime/Oculus/OculusVR/Binaries/Win64/UE4Editor-OculusInput.dll (API version 3944462).
LogModuleManager: Display: Found up-to-date module file ../../../Engine/Plugins/Runtime/Oculus/OculusVR/Binaries/Win64/UE4Editor-OculusEditor.dll (API version 3944462).
LogModuleManager: Display: Found up-to-date module file ../../../Engine/Plugins/Runtime/PhysXVehicles/Binaries/Win64/UE4Editor-PhysXVehicles.dll (API version 3944462).
LogModuleManager: Display: Found up-to-date module file ../../../Engine/Plugins/Runtime/PhysXVehicles/Binaries/Win64/UE4Editor-PhysXVehiclesEditor.dll (API version 3944462).
LogModuleManager: Display: Found up-to-date module file ../../../Engine/Plugins/Runtime/RuntimePhysXCooking/Binaries/Win64/UE4Editor-RuntimePhysXCooking.dll (API version 3944462).
LogModuleManager: Display: Found up-to-date module file ../../../Engine/Plugins/Runtime/Steam/SteamVR/Binaries/Win64/UE4Editor-SteamVR.dll (API version 3944462).
LogModuleManager: Display: Found up-to-date module file ../../../Engine/Plugins/Runtime/Steam/SteamVR/Binaries/Win64/UE4Editor-SteamVRController.dll (API version 3944462).
LogModuleManager: Display: Found up-to-date module file ../../../Engine/Plugins/Runtime/WindowsMoviePlayer/Binaries/Win64/UE4Editor-WindowsMoviePlayer.dll (API version 3944462).
LogPluginManager: Mounting plugin Paper2D
LogPluginManager: Mounting plugin LiveLink
LogPluginManager: Mounting plugin LightPropagationVolume
LogPluginManager: Mounting plugin CLionSourceCodeAccess
LogPluginManager: Mounting plugin CodeLiteSourceCodeAccess
LogPluginManager: Mounting plugin GitSourceControl
LogPluginManager: Mounting plugin KDevelopSourceCodeAccess
LogPluginManager: Mounting plugin NullSourceCodeAccess
LogPluginManager: Mounting plugin PerforceSourceControl
LogPluginManager: Mounting plugin SubversionSourceControl
LogPluginManager: Mounting plugin UObjectPlugin
LogPluginManager: Mounting plugin VisualStudioCodeSourceCodeAccess
LogPluginManager: Mounting plugin VisualStudioSourceCodeAccess
LogPluginManager: Mounting plugin XCodeSourceCodeAccess
LogPluginManager: Mounting plugin AssetManagerEditor
LogPluginManager: Mounting plugin CryptoKeys
LogPluginManager: Mounting plugin DataValidation
LogPluginManager: Mounting plugin FacialAnimation
LogPluginManager: Mounting plugin GameplayTagsEditor
LogPluginManager: Mounting plugin MobileLauncherProfileWizard
LogPluginManager: Mounting plugin PluginBrowser
LogPluginManager: Mounting plugin SpeedTreeImporter
LogPluginManager: Mounting plugin DatasmithContent
LogPluginManager: Mounting plugin AlembicImporter
LogPluginManager: Mounting plugin CharacterAI
LogPluginManager: Mounting plugin HTML5Networking
LogPluginManager: Mounting plugin AndroidMedia
LogPluginManager: Mounting plugin AvfMedia
LogPluginManager: Mounting plugin ImgMedia
LogPluginManager: Mounting plugin LinearTimecode
LogPluginManager: Mounting plugin MediaCompositing
LogPluginManager: Mounting plugin MediaPlayerEditor
LogPluginManager: Mounting plugin WmfMedia
LogPluginManager: Mounting plugin TcpMessaging
LogPluginManager: Mounting plugin UdpMessaging
LogPluginManager: Mounting plugin ActorSequence
LogPluginManager: Mounting plugin LevelSequenceEditor
LogPluginManager: Mounting plugin MatineeToLevelSequence
LogPluginManager: Mounting plugin NetcodeUnitTest
LogPluginManager: Mounting plugin NUTUnrealEngine4
LogPluginManager: Mounting plugin OnlineSubsystemGooglePlay
LogPluginManager: Mounting plugin OnlineSubsystemIOS
LogPluginManager: Mounting plugin OnlineSubsystem
LogPluginManager: Mounting plugin OnlineSubsystemNull
LogPluginManager: Mounting plugin OnlineSubsystemUtils
LogPluginManager: Mounting plugin AndroidDeviceProfileSelector
LogPluginManager: Mounting plugin AndroidMoviePlayer
LogPluginManager: Mounting plugin AndroidPermission
LogPluginManager: Mounting plugin AppleARKit
LogPluginManager: Mounting plugin AppleMoviePlayer
LogPluginManager: Mounting plugin ArchVisCharacter
LogPluginManager: Mounting plugin AudioCapture
LogPluginManager: Mounting plugin CableComponent
LogPluginManager: Mounting plugin CustomMeshComponent
LogPluginManager: Mounting plugin ExampleDeviceProfileSelector
LogPluginManager: Mounting plugin GoogleCloudMessaging
LogPluginManager: Mounting plugin ImmediatePhysics
LogPluginManager: Mounting plugin IOSDeviceProfileSelector
LogPluginManager: Mounting plugin LinuxDeviceProfileSelector
LogPluginManager: Mounting plugin LocationServicesBPLibrary
LogPluginManager: Mounting plugin MobilePatchingUtils
LogPluginManager: Mounting plugin OculusVR
LogPluginManager: Plugin shader directory ../../../Engine/Plugins/Runtime/Oculus/OculusVR/Shaders found
LogPluginManager: Mapping shader source directory ../../../Engine/Plugins/Runtime/Oculus/OculusVR/Shaders to virtual directory /Plugin/OculusVR
LogPluginManager: Mounting plugin PhysXVehicles
LogPluginManager: Mounting plugin ProceduralMeshComponent
LogPluginManager: Mounting plugin RuntimePhysXCooking
LogPluginManager: Mounting plugin SteamVR
LogPluginManager: Mounting plugin WindowsMoviePlayer
LogStreaming: Display: Took  2.823s to configure plugins.
LogInit: Using libcurl 7.47.1
LogInit:  - built for x86_64-pc-win32
LogInit:  - supports SSL with OpenSSL/1.0.2g
LogInit:  - supports HTTP deflate (compression) using libz 1.2.8
LogInit:  - other features:
LogInit:      CURL_VERSION_SSL
LogInit:      CURL_VERSION_LIBZ
LogInit:      CURL_VERSION_IPV6
LogInit:      CURL_VERSION_ASYNCHDNS
LogInit:      CURL_VERSION_LARGEFILE
LogInit:      CURL_VERSION_IDN
LogInit:  CurlRequestOptions (configurable via config and command line):
LogInit:  - bVerifyPeer = false  - Libcurl will NOT verify peer certificate
LogInit:  - bUseHttpProxy = false  - Libcurl will NOT use HTTP proxy
LogInit:  - bDontReuseConnections = false  - Libcurl will reuse connections
LogInit:  - CertBundlePath = nullptr  - Libcurl will use whatever was configured at build time.
LogInit:  - MaxHostConnections = 16  - Libcurl will limit the number of connections to a host
LogInit:  - LocalHostAddr = Default
LogInit: WinSock: version 1.1 (2.2), MaxSocks=32767, MaxUdp=65467
LogInit: WinSock: I am y510p-1020297301123 (192.168.0.12:0)
LogInit: Build: ++UE4+Release-4.19-CL-4033788
LogInit: Engine Version: 4.19.2-4033788+++UE4+Release-4.19
LogInit: Compatible Engine Version: 4.19.0-3944462+++UE4+Release-4.19
LogInit: Net CL: 3944462
LogDevObjectVersion: Number of dev versions registered: 18
LogDevObjectVersion:   Dev-Blueprints (B0D832E4-1F89-4F0D-ACCF-7EB736FD4AA2): 10
LogDevObjectVersion:   Dev-Build (E1C64328-A22C-4D53-A36C-8E866417BD8C): 0
LogDevObjectVersion:   Dev-Core (375EC13C-06E4-48FB-B500-84F0262A717E): 2
LogDevObjectVersion:   Dev-Editor (E4B068ED-F494-42E9-A231-DA0B2E46BB41): 23
LogDevObjectVersion:   Dev-Framework (CFFC743F-43B0-4480-9391-14DF171D2073): 33
LogDevObjectVersion:   Dev-Mobile (B02B49B5-BB20-44E9-A304-32B752E40360): 2
LogDevObjectVersion:   Dev-Networking (A4E4105C-59A1-49B5-A7C5-40C4547EDFEE): 0
LogDevObjectVersion:   Dev-Online (39C831C9-5AE6-47DC-9A44-9C173E1C8E7C): 0
LogDevObjectVersion:   Dev-Physics (78F01B33-EBEA-4F98-B9B4-84EACCB95AA2): 0
LogDevObjectVersion:   Dev-Platform (6631380F-2D4D-43E0-8009-CF276956A95A): 0
LogDevObjectVersion:   Dev-Rendering (12F88B9F-8875-4AFC-A67C-D90C383ABD29): 25
LogDevObjectVersion:   Dev-Sequencer (7B5AE74C-D270-4C10-A958-57980B212A5A): 6
LogDevObjectVersion:   Dev-VR (D7296918-1DD6-4BDD-9DE2-64A83CC13884): 1
LogDevObjectVersion:   Dev-LoadTimes (C2A15278-BFE7-4AFE-6C17-90FF531DF755): 1
LogDevObjectVersion:   Private-Geometry (6EACA3D4-40EC-4CC1-B786-8BED09428FC5): 2
LogDevObjectVersion:   Dev-AnimPhys (29E575DD-E0A3-4627-9D10-D276232CDCEA): 16
LogDevObjectVersion:   Dev-ReflectionCapture (6B266CEC-1EC7-4B8F-A30B-E4D90942FC07): 1
LogDevObjectVersion:   Dev-Automation (0DF73D61-A23F-47EA-B727-89E90C41499A): 1
LogInit: Compiled (64-bit): Apr 27 2018 02:06:57
LogInit: Compiled with Visual C++: 19.00.24215.01
LogInit: Build Configuration: Development
LogInit: Branch Name: ++UE4+Release-4.19
LogInit: Command Line:  
LogInit: Base Directory: C:/Program Files/Epic Games/UE_4.19/Engine/Binaries/Win64/
LogInit: Installed Engine Build: 1
LogStreaming: Display: Took  0.001s to delete old logs.
LogInit: Presizing for max 8388607 objects, including 0 objects not considered by GC, pre-allocating 0 bytes for permanent pool.
LogInit: Object subsystem initialized
[2018.07.11-21.12.26:307][  0]LogInit: Selected Device Profile: [Windows]
[2018.07.11-21.12.26:307][  0]LogInit: Applying CVar settings loaded from the selected device profile: [Windows]
[2018.07.11-21.12.26:421][  0]LogInit: Computer: Y510P-102029730
[2018.07.11-21.12.26:421][  0]LogInit: User: iDStudent
[2018.07.11-21.12.26:421][  0]LogInit: CPU Page size=4096, Cores=4
[2018.07.11-21.12.26:421][  0]LogInit: High frequency timer resolution =2.338339 MHz
[2018.07.11-21.12.26:429][  0]LogMemory: Memory total: Physical=7.9GB (8GB approx)
[2018.07.11-21.12.26:429][  0]LogMemory: Platform Memory Stats for Windows
[2018.07.11-21.12.26:429][  0]LogMemory: Process Physical Memory: 274.11 MB used, 274.11 MB peak
[2018.07.11-21.12.26:429][  0]LogMemory: Process Virtual Memory: 266.74 MB used, 266.74 MB peak
[2018.07.11-21.12.26:429][  0]LogMemory: Physical Memory: 2820.84 MB used,  5317.43 MB free, 8138.27 MB total
[2018.07.11-21.12.26:429][  0]LogMemory: Virtual Memory: 4796.24 MB used,  5317.43 MB free, 134217728.00 MB total
[2018.07.11-21.12.26:936][  0]LogInit: Using OS detected language (en-US).
[2018.07.11-21.12.26:936][  0]LogInit: Using OS detected locale (en-US).
[2018.07.11-21.12.27:113][  0]LogTextLocalizationManager: No specific localization for 'en-US' exists, so the 'en' localization will be used.
[2018.07.11-21.12.27:806][  0]LogStreaming: Display: Took  0.858s to EndInitTextLocalization.
[2018.07.11-21.12.27:829][  0]LogInit: Setting process to per monitor DPI aware
[2018.07.11-21.12.28:221][  0]LogSlate: New Slate User Created.  User Index 0, Is Virtual User: 0
[2018.07.11-21.12.28:222][  0]LogSlate: Slate User Registered.  User Index 0, Is Virtual User: 0
[2018.07.11-21.12.30:666][  0]LogD3D11RHI: D3D11 adapters:
[2018.07.11-21.12.30:760][  0]LogD3D11RHI:    0. 'NVIDIA GeForce GT 755M' (Feature Level 11_0)
[2018.07.11-21.12.30:760][  0]LogD3D11RHI:       2007/0/4069 MB DedicatedVideo/DedicatedSystem/SharedSystem, Outputs:1, VendorId:0x10de
[2018.07.11-21.12.30:801][  0]LogD3D11RHI:    1. 'NVIDIA GeForce GT 755M' (Feature Level 11_0)
[2018.07.11-21.12.30:801][  0]LogD3D11RHI:       2007/0/4069 MB DedicatedVideo/DedicatedSystem/SharedSystem, Outputs:0, VendorId:0x10de
[2018.07.11-21.12.30:803][  0]LogD3D11RHI:    2. 'Microsoft Basic Render Driver' (Feature Level 11_0)
[2018.07.11-21.12.30:803][  0]LogD3D11RHI:       0/0/4069 MB DedicatedVideo/DedicatedSystem/SharedSystem, Outputs:0, VendorId:0x1414
[2018.07.11-21.12.30:803][  0]LogD3D11RHI: Chosen D3D11 Adapter: 0
[2018.07.11-21.12.30:820][  0]LogD3D11RHI: Creating new Direct3DDevice
[2018.07.11-21.12.30:821][  0]LogD3D11RHI:     GPU DeviceId: 0xfcd (for the marketing name, search the web for "GPU Device Id")
[2018.07.11-21.12.30:821][  0]LogWindows: EnumDisplayDevices:
[2018.07.11-21.12.30:821][  0]LogWindows:    0. 'NVIDIA GeForce GT 755M' (P:1 D:1)
[2018.07.11-21.12.30:821][  0]LogWindows:    1. 'NVIDIA GeForce GT 755M' (P:0 D:0)
[2018.07.11-21.12.30:821][  0]LogWindows:    2. 'NVIDIA GeForce GT 755M' (P:0 D:0)
[2018.07.11-21.12.30:821][  0]LogWindows:    3. 'NVIDIA GeForce GT 755M' (P:0 D:0)
[2018.07.11-21.12.30:821][  0]LogWindows:    4. 'NVIDIA GeForce GT 755M' (P:0 D:0)
[2018.07.11-21.12.30:821][  0]LogWindows:    5. 'NVIDIA GeForce GT 755M' (P:0 D:0)
[2018.07.11-21.12.30:821][  0]LogWindows: DebugString: GetVideoDriverDetailsInvalid PrimaryIsNotTheChoosenAdapter GetVideoDriverDetailsInvalid PrimaryIsNotTheChoosenAdapter GetVideoDriverDetailsInvalid PrimaryIsNotTheChoosenAdapter GetVideoDriverDetailsInvalid PrimaryIsNotTheChoosenAdapter GetVideoDriverDetailsInvalid PrimaryIsNotTheChoosenAdapter GetVideoDriverDetailsInvalid PrimaryIsNotTheChoosenAdapter FoundDriverCount:0 
[2018.07.11-21.12.30:822][  0]LogD3D11RHI:     Adapter Name: NVIDIA GeForce GT 755M
[2018.07.11-21.12.30:822][  0]LogD3D11RHI:   Driver Version: Unknown (internal:Unknown, unified:Unknown)
[2018.07.11-21.12.30:822][  0]LogD3D11RHI:      Driver Date: Unknown
[2018.07.11-21.12.30:822][  0]LogRHI: Texture pool is 1405 MB (70% of 2007 MB)
[2018.07.11-21.12.30:858][  0]LogD3D11RHI: [Aftermath] Aftermath enabled and primed
[2018.07.11-21.12.30:858][  0]LogD3D11RHI: [Aftermath] Aftermath enabled and primed
[2018.07.11-21.12.30:858][  0]LogD3D11RHI: Async texture creation enabled
[2018.07.11-21.12.31:158][  0]LogD3D11RHI: GPU Timing Frequency: 1000.000000 (Debug: 2 2)
[2018.07.11-21.12.31:271][  0]LogShaderCompilers: Guid format shader working directory is -14 characters bigger than the processId version (../../../../../../Users/iD Student/Desktop/Ritesh K/FinalProject/Intermediate/Shaders/WorkingDirectory/12732/).
[2018.07.11-21.12.31:275][  0]LogShaderCompilers: Cleaned the shader compiler working directory 'C:/Users/iD Student/AppData/Local/Temp/UnrealShaderWorkingDir/A061A35E40652BBC3CCEC8AF342D5608/'.
[2018.07.11-21.12.32:413][  0]LogTemp: Display: Loaded TP AllDesktopTargetPlatform
[2018.07.11-21.12.32:427][  0]LogTemp: Display: Loaded TP MacClientTargetPlatform
[2018.07.11-21.12.32:466][  0]LogTemp: Display: Loaded TP MacNoEditorTargetPlatform
[2018.07.11-21.12.32:486][  0]LogTemp: Display: Loaded TP MacServerTargetPlatform
[2018.07.11-21.12.32:506][  0]LogTemp: Display: Loaded TP MacTargetPlatform
[2018.07.11-21.12.32:519][  0]LogTemp: Display: Loaded TP WindowsClientTargetPlatform
[2018.07.11-21.12.32:533][  0]LogTemp: Display: Loaded TP WindowsNoEditorTargetPlatform
[2018.07.11-21.12.32:548][  0]LogTemp: Display: Loaded TP WindowsServerTargetPlatform
[2018.07.11-21.12.32:553][  0]LogTemp: Display: Loaded TP WindowsTargetPlatform
[2018.07.11-21.12.32:566][  0]LogTemp: Display: Loaded TP Android_ASTCTargetPlatform
[2018.07.11-21.12.32:578][  0]LogTemp: Display: Loaded TP Android_ATCTargetPlatform
[2018.07.11-21.12.32:590][  0]LogTemp: Display: Loaded TP Android_DXTTargetPlatform
[2018.07.11-21.12.32:602][  0]LogTemp: Display: Loaded TP Android_ETC1aTargetPlatform
[2018.07.11-21.12.32:615][  0]LogTemp: Display: Loaded TP Android_ETC1TargetPlatform
[2018.07.11-21.12.32:627][  0]LogTemp: Display: Loaded TP Android_ETC2TargetPlatform
[2018.07.11-21.12.32:651][  0]LogTemp: Display: Loaded TP Android_MultiTargetPlatform
[2018.07.11-21.12.32:651][  0]LogTemp: Display: Loaded TP Android_PVRTCTargetPlatform
[2018.07.11-21.12.32:671][  0]LogTemp: Display: Loaded TP AndroidTargetPlatform
[2018.07.11-21.12.32:683][  0]LogTemp: Display: Loaded TP HTML5TargetPlatform
[2018.07.11-21.12.32:751][  0]LogTemp: Display: Loaded TP IOSTargetPlatform
[2018.07.11-21.12.32:764][  0]LogTemp: Display: Loaded TP TVOSTargetPlatform
[2018.07.11-21.12.32:777][  0]LogTemp: Display: Loaded TP LinuxClientTargetPlatform
[2018.07.11-21.12.32:789][  0]LogTemp: Display: Loaded TP LinuxNoEditorTargetPlatform
[2018.07.11-21.12.32:801][  0]LogTemp: Display: Loaded TP LinuxServerTargetPlatform
[2018.07.11-21.12.32:819][  0]LogTemp: Display: Loaded TP LinuxTargetPlatform
[2018.07.11-21.12.32:819][  0]LogTargetPlatformManager: Display: Building Assets For Windows
[2018.07.11-21.12.33:379][  0]LogXGEController: Cleaning working directory: C:/Users/iD Student/AppData/Local/Temp/UnrealXGEWorkingDir/
[2018.07.11-21.12.33:379][  0]LogXGEController: Cannot use XGE Controller as Incredibuild is not installed on this machine.
[2018.07.11-21.12.33:391][  0]LogShaderCompilers: Cannot use XGE Shader Compiler as Incredibuild is not installed on this machine.
[2018.07.11-21.12.33:391][  0]LogShaderCompilers: Display: Using Local Shader Compiler.
[2018.07.11-21.12.36:250][  0]LogDerivedDataCache: Display: Max Cache Size: 512 MB
[2018.07.11-21.12.37:492][  0]LogDerivedDataCache: Loaded boot cache 1.24s 74MB C:/Users/iD Student/AppData/Local/UnrealEngine/4.19/DerivedDataCache/Boot.ddc.
[2018.07.11-21.12.37:492][  0]LogDerivedDataCache: Display: Loaded Boot cache: C:/Users/iD Student/AppData/Local/UnrealEngine/4.19/DerivedDataCache/Boot.ddc
[2018.07.11-21.12.37:492][  0]LogDerivedDataCache: FDerivedDataBackendGraph:  Pak pak cache file ../../../../../../Users/iD Student/Desktop/Ritesh K/FinalProject/DerivedDataCache/DDC.ddp not found, will not use a pak cache.
[2018.07.11-21.12.37:493][  0]LogDerivedDataCache: Unable to find inner node Pak for hierarchical cache Hierarchy.
[2018.07.11-21.12.37:493][  0]LogDerivedDataCache: FDerivedDataBackendGraph:  CompressedPak pak cache file ../../../../../../Users/iD Student/Desktop/Ritesh K/FinalProject/DerivedDataCache/Compressed.ddp not found, will not use a pak cache.
[2018.07.11-21.12.37:493][  0]LogDerivedDataCache: Unable to find inner node CompressedPak for hierarchical cache Hierarchy.
[2018.07.11-21.12.37:539][  0]LogDerivedDataCache: Display: Pak cache opened for reading ../../../Engine/DerivedDataCache/Compressed.ddp.
[2018.07.11-21.12.37:552][  0]LogDerivedDataCache: Using Local data cache path C:/Users/iD Student/AppData/Local/UnrealEngine/Common/DerivedDataCache: Writable
[2018.07.11-21.12.37:552][  0]LogDerivedDataCache: Shared data cache path not found in *engine.ini, will not use an Shared cache.
[2018.07.11-21.12.37:552][  0]LogDerivedDataCache: Unable to find inner node Shared for hierarchical cache Hierarchy.
[2018.07.11-21.12.37:622][  0]LogMaterial: Verifying Global Shaders for PCD3D_SM5
[2018.07.11-21.12.37:654][  0]LogSlate: Using Freetype 2.6.0
[2018.07.11-21.12.37:686][  0]LogSlate: SlateFontCache - WITH_FREETYPE: 1, WITH_HARFBUZZ: 1
[2018.07.11-21.12.37:686][  0]LogSlate: SlateFontCache - WITH_FREETYPE: 1, WITH_HARFBUZZ: 1
[2018.07.11-21.12.40:948][  0]LogAssetRegistry: FAssetRegistry took 0.0635 seconds to start up
[2018.07.11-21.12.43:945][  0]LogInit: Selected Device Profile: [Windows]
[2018.07.11-21.12.45:014][  0]LogSimplygon: Simplygon DLL not present - disabling.
[2018.07.11-21.12.45:029][  0]LogMeshReduction: Using SimplygonSwarm for distributed automatic mesh merging
[2018.07.11-21.12.45:030][  0]LogMeshReduction: Using QuadricMeshReduction for automatic static mesh reduction
[2018.07.11-21.12.45:030][  0]LogMeshReduction: No automatic skeletal mesh reduction module available
[2018.07.11-21.12.45:030][  0]LogMeshReduction: No automatic mesh merging module available
[2018.07.11-21.12.45:030][  0]LogMeshMerging: No automatic mesh merging module available
[2018.07.11-21.12.45:320][  0]LogNetVersion: FinalProject , NetCL: 3944462, EngineNetVer: 2, GameNetVer: 0 (Checksum: 2380515761)
[2018.07.11-21.12.47:947][  0]LogPackageLocalizationCache: Processed 9 localized package path(s) for 2 prioritized culture(s) in 0.119131 seconds
[2018.07.11-21.12.47:967][  0]LogUObjectArray: 36728 objects as part of root set at end of initial load.
[2018.07.11-21.12.47:967][  0]LogUObjectAllocator: 7314304 out of 0 bytes used by permanent object pool.
[2018.07.11-21.12.47:967][  0]LogUObjectArray: CloseDisregardForGC: 0/0 objects in disregard for GC pool
[2018.07.11-21.12.56:512][  0]LogTcpMessaging: Initializing TcpMessaging bridge
[2018.07.11-21.12.56:549][  0]LogUdpMessaging: Initializing bridge on interface 0.0.0.0:0 to multicast group 230.0.0.1:6666.
[2018.07.11-21.12.57:317][  0]SourceControl: Source control is disabled
[2018.07.11-21.12.57:317][  0]SourceControl: Source control is disabled
[2018.07.11-21.12.57:377][  0]SourceControl: Source control is disabled
[2018.07.11-21.12.57:426][  0]SourceControl: Source control is disabled
[2018.07.11-21.12.58:325][  0]LogAndroidPermission: UAndroidPermissionCallbackProxy::GetInstance
[2018.07.11-21.12.58:692][  0]LogOcInput: OculusInput pre-init called
[2018.07.11-21.12.59:362][  0]LogEngine: Initializing Engine...
[2018.07.11-21.12.59:421][  0]LogHMD: Failed to initialize OpenVR with code 110
[2018.07.11-21.12.59:445][  0]LogStats: UGameplayTagsManager::ConstructGameplayTagTree: Construct from data asset -  0.000 s
[2018.07.11-21.12.59:448][  0]LogStats: UGameplayTagsManager::ConstructGameplayTagTree: GameplayTagTreeChangedEvent.Broadcast -  0.001 s
[2018.07.11-21.13.00:393][  0]LogAIModule: Creating AISystem for world Untitled
[2018.07.11-21.13.00:583][  0]LogInit: No audio devices found!
[2018.07.11-21.13.00:777][  0]LogDerivedDataCache: Saved boot cache 0.19s 74MB C:/Users/iD Student/AppData/Local/UnrealEngine/4.19/DerivedDataCache/Boot.ddc.
[2018.07.11-21.13.00:792][  0]LogInit: Texture streaming: Enabled
[2018.07.11-21.13.00:859][  0]LogEngineSessionManager: EngineSessionManager initialized
[2018.07.11-21.13.01:010][  0]LogInit: Transaction tracking system initialized
[2018.07.11-21.13.01:221][  0]BlueprintLog: New page: Editor Load
[2018.07.11-21.13.01:804][  0]LocalizationService: Localization service is disabled
[2018.07.11-21.13.02:330][  0]LogConsoleResponse: Display: 
[2018.07.11-21.13.03:367][  0]LogFileCache: Scanning file cache for directory 'C:/Users/iD Student/Desktop/Ritesh K/FinalProject/Content/' took 0.04s
[2018.07.11-21.13.03:367][  0]LogCook: Display: Max memory allowance for cook 16384mb min free memory 0mb
[2018.07.11-21.13.03:368][  0]LogCook: Display: Mobile HDR setting 1
[2018.07.11-21.13.03:368][  0]LogGameplayTags: Display: UGameplayTagsManager::DoneAddingNativeTags. DelegateIsBound: 0
[2018.07.11-21.13.03:368][  0]LogStats: UGameplayTagsManager::ConstructGameplayTagTree: Construct from data asset -  0.000 s
[2018.07.11-21.13.03:368][  0]LogStats: UGameplayTagsManager::ConstructGameplayTagTree: GameplayTagTreeChangedEvent.Broadcast -  0.000 s
[2018.07.11-21.13.05:165][  0]SourceControl: Source control is disabled
[2018.07.11-21.13.05:178][  0]Cmd: MAP LOAD FILE="../../../../../../Users/iD Student/Desktop/Ritesh K/FinalProject/Content/ThirdPersonBP/Maps/ThirdPersonExampleMap.umap" TEMPLATE=0 SHOWPROGRESS=1 FEATURELEVEL=3
[2018.07.11-21.13.05:194][  0]LightingResults: New page: Lighting Build
[2018.07.11-21.13.05:376][  0]MapCheck: New page: Map Check
[2018.07.11-21.13.05:376][  0]LightingResults: New page: Lighting Build
[2018.07.11-21.13.06:516][  0]LogUObjectGlobals: Created PersistentFrame Addr=0x00000275b67422c0, Size=64, Default__ThirdPerson_AnimBP_C Function /Game/Mannequin/Animations/ThirdPerson_AnimBP.ThirdPerson_AnimBP_C:ExecuteUbergraph_ThirdPerson_AnimBP
[2018.07.11-21.13.06:649][  0]LogUObjectGlobals: Destroyed PersistentFrame Addr=0x00000275b67422c0, Size=64
[2018.07.11-21.13.06:650][  0]LogUObjectGlobals: Created PersistentFrame Addr=0x00000275b67423c0, Size=64, Default__ThirdPerson_AnimBP_C Function /Engine/Transient.REINST_ThirdPerson_AnimBP_C_0:ExecuteUbergraph_ThirdPerson_AnimBP
[2018.07.11-21.13.06:751][  0]LogUObjectGlobals: Created PersistentFrame Addr=0x000002759bec21b0, Size=72, Default__ThirdPerson_AnimBP_C Function /Game/Mannequin/Animations/ThirdPerson_AnimBP.ThirdPerson_AnimBP_C:ExecuteUbergraph_ThirdPerson_AnimBP
[2018.07.11-21.13.07:056][  0]LogUObjectGlobals: Created PersistentFrame Addr=0x000002759be52340, Size=296, Default__ThirdPersonCharacter_C Function /Game/ThirdPersonBP/Blueprints/ThirdPersonCharacter.ThirdPersonCharacter_C:ExecuteUbergraph_ThirdPersonCharacter
[2018.07.11-21.13.07:140][  0]LogUObjectGlobals: Destroyed PersistentFrame Addr=0x000002759be52340, Size=296
[2018.07.11-21.13.07:140][  0]LogUObjectGlobals: Created PersistentFrame Addr=0x000002759be52340, Size=296, Default__ThirdPersonCharacter_C Function /Engine/Transient.REINST_ThirdPersonCharacter_C_4:ExecuteUbergraph_ThirdPersonCharacter
[2018.07.11-21.13.07:147][  0]LogUObjectGlobals: Created PersistentFrame Addr=0x000002759be50b80, Size=296, Default__ThirdPersonCharacter_C Function /Game/ThirdPersonBP/Blueprints/ThirdPersonCharacter.ThirdPersonCharacter_C:ExecuteUbergraph_ThirdPersonCharacter
[2018.07.11-21.13.10:531][  0]LogSkeletalMesh: Skeletal Mesh found in DDC [36.596916ms] /Game/Mannequin/Character/Mesh/SK_Mannequin.SK_Mannequin
[2018.07.11-21.13.11:083][  0]LogAIModule: Creating AISystem for world ThirdPersonExampleMap
[2018.07.11-21.13.11:874][  0]LogEditorServer: Finished looking for orphan Actors (0.000 secs)
[2018.07.11-21.13.12:011][  0]LogUObjectGlobals: Destroyed PersistentFrame Addr=0x00000275b67423c0, Size=64
[2018.07.11-21.13.12:022][  0]LogUObjectGlobals: Destroyed PersistentFrame Addr=0x000002759be52340, Size=296
[2018.07.11-21.13.12:086][  0]Cmd: MAP CHECKDEP NOCLEARLOG
[2018.07.11-21.13.12:187][  0]MapCheck: Map check complete: 0 Error(s), 0 Warning(s), took 97.68ms to complete.
[2018.07.11-21.13.12:188][  0]LogFileHelpers: Loading map 'ThirdPersonExampleMap' took 7.012
[2018.07.11-21.13.13:563][  0]LogCollectionManager: Loaded 0 collections in 0.002908 seconds
[2018.07.11-21.13.13:732][  0]LogFileCache: Scanning file cache for directory 'C:/Users/iD Student/Desktop/Ritesh K/FinalProject/Saved/Collections/' took 0.01s
[2018.07.11-21.13.13:732][  0]LogFileCache: Scanning file cache for directory 'C:/Users/iD Student/Desktop/Ritesh K/FinalProject/Content/Developers/iDStudent/Collections/' took 0.01s
[2018.07.11-21.13.13:732][  0]LogFileCache: Scanning file cache for directory 'C:/Users/iD Student/Desktop/Ritesh K/FinalProject/Content/Collections/' took 0.01s
[2018.07.11-21.13.13:732][  0]LogCollectionManager: Rebuilt the GUID cache for 0 collections in 0.000000 seconds
[2018.07.11-21.13.13:752][  0]LogContentBrowser: Native class hierarchy populated in 0.0152 seconds. Added 2452 classes and 558 folders.
[2018.07.11-21.13.14:124][  0]LogContentBrowser: Native class hierarchy updated for 'WidgetCarousel' in 0.0008 seconds. Added 0 classes and 0 folders.
[2018.07.11-21.13.14:938][  0]LogContentBrowser: Native class hierarchy updated for 'AddContentDialog' in 0.0003 seconds. Added 0 classes and 0 folders.
[2018.07.11-21.13.15:017][  0]LogContentBrowser: Native class hierarchy updated for 'SceneOutliner' in 0.0003 seconds. Added 1 classes and 2 folders.
[2018.07.11-21.13.15:525][  0]LogSlate: Took 0.016305 seconds to synchronously load lazily loaded font '../../../Engine/Content/Slate/Fonts/Roboto-Regular.ttf' (155K)
[2018.07.11-21.13.15:546][  0]LogSlate: Took 0.011727 seconds to synchronously load lazily loaded font '../../../Engine/Content/Slate/Fonts/Roboto-Bold.ttf' (160K)
[2018.07.11-21.13.15:602][  0]LogSlate: Took 0.006480 seconds to synchronously load lazily loaded font '../../../Engine/Content/Editor/Slate/Fonts/FontAwesome.ttf' (139K)
[2018.07.11-21.13.16:243][  0]LogRenderer: Reallocating scene render targets to support 976x436 Format 10 NumSamples 1 (Frame:1).
[2018.07.11-21.13.16:972][  0]LogSlate: Took 0.013214 seconds to synchronously load lazily loaded font '../../../Engine/Content/Slate/Fonts/Roboto-Light.ttf' (167K)
[2018.07.11-21.13.17:219][  0]LogContentBrowser: Native class hierarchy updated for 'HierarchicalLODOutliner' in 0.0003 seconds. Added 0 classes and 0 folders.
[2018.07.11-21.13.17:219][  0]LogLoad: (Engine Initialization) Total time: 61.02 seconds
[2018.07.11-21.13.17:219][  0]LogLoad: (Engine Initialization) Total Blueprint compile time: 0.00 seconds
[2018.07.11-21.13.17:632][  0]LogContentStreaming: Texture pool size now 1000 MB
[2018.07.11-21.13.18:106][  3]LogAssetRegistry: Asset discovery search completed in 37.1911 seconds
[2018.07.11-21.13.18:124][  3]LogCollectionManager: Rebuilt the object cache for 0 collections in 0.000000 seconds (found 0 objects)
[2018.07.11-21.13.18:124][  3]LogCollectionManager: Fixed up redirectors for 0 collections in 0.001111 seconds (updated 0 objects)
[2018.07.11-21.14.28:336][246]LogSlate: Took 0.000370 seconds to synchronously load lazily loaded font '../../../Engine/Content/Slate/Fonts/Roboto-Light.ttf' (167K)
[2018.07.11-21.15.52:544][643]LogSlate: FSceneViewport::OnFocusLost() reason 0
[2018.07.11-21.15.52:633][648]LogTemp: Repeating last play command: Selected Viewport
[2018.07.11-21.15.52:712][648]LogBlueprintUserMessages: Early PlayInEditor Detection: Level '/Game/ThirdPersonBP/Maps/ThirdPersonExampleMap.ThirdPersonExampleMap:PersistentLevel' has LevelScriptBlueprint '/Game/ThirdPersonBP/Maps/ThirdPersonExampleMap.ThirdPersonExampleMap:PersistentLevel.ThirdPersonExampleMap' with GeneratedClass '/Game/ThirdPersonBP/Maps/ThirdPersonExampleMap.ThirdPersonExampleMap_C' with ClassGeneratedBy '/Game/ThirdPersonBP/Maps/ThirdPersonExampleMap.ThirdPersonExampleMap:PersistentLevel.ThirdPersonExampleMap'
[2018.07.11-21.15.52:729][648]LogPlayLevel: PlayLevel: No blueprints needed recompiling
[2018.07.11-21.15.52:779][648]PIE: New page: PIE session: ThirdPersonExampleMap (Jul 11, 2018, 11:15:52 AM)
[2018.07.11-21.15.52:788][648]LogPlayLevel: Creating play world package: /Game/ThirdPersonBP/Maps/UEDPIE_0_ThirdPersonExampleMap
[2018.07.11-21.15.52:857][648]LogPlayLevel: PIE: StaticDuplicateObject took: (0.068661s)
[2018.07.11-21.15.52:859][648]LogAIModule: Creating AISystem for world ThirdPersonExampleMap
[2018.07.11-21.15.52:860][648]LogPlayLevel: PIE: World Init took: (0.001980s)
[2018.07.11-21.15.52:860][648]LogPlayLevel: PIE: Created PIE world by copying editor world from /Game/ThirdPersonBP/Maps/ThirdPersonExampleMap.ThirdPersonExampleMap to /Game/ThirdPersonBP/Maps/UEDPIE_0_ThirdPersonExampleMap.ThirdPersonExampleMap (0.071145s)
[2018.07.11-21.15.52:984][648]LogLoad: Game class is 'ThirdPersonGameMode_C'
[2018.07.11-21.15.53:076][648]LogWorld: Bringing World /Game/ThirdPersonBP/Maps/UEDPIE_0_ThirdPersonExampleMap.ThirdPersonExampleMap up for play (max tick rate 60) at 2018.07.11-16.15.53
[2018.07.11-21.15.53:156][648]LogWorld: Bringing up level for play took: 0.103132
[2018.07.11-21.15.53:245][648]LogContentBrowser: Native class hierarchy updated for 'MovieSceneCapture' in 0.0012 seconds. Added 11 classes and 0 folders.
[2018.07.11-21.15.53:261][648]PIE: Play in editor start time for /Game/ThirdPersonBP/Maps/UEDPIE_0_ThirdPersonExampleMap 0.268
[2018.07.11-21.15.53:262][648]LogBlueprintUserMessages: Late PlayInEditor Detection: Level '/Game/ThirdPersonBP/Maps/ThirdPersonExampleMap.ThirdPersonExampleMap:PersistentLevel' has LevelScriptBlueprint '/Game/ThirdPersonBP/Maps/ThirdPersonExampleMap.ThirdPersonExampleMap:PersistentLevel.ThirdPersonExampleMap' with GeneratedClass '/Game/ThirdPersonBP/Maps/ThirdPersonExampleMap.ThirdPersonExampleMap_C' with ClassGeneratedBy '/Game/ThirdPersonBP/Maps/ThirdPersonExampleMap.ThirdPersonExampleMap:PersistentLevel.ThirdPersonExampleMap'
[2018.07.11-21.15.59:530][995]LogBlueprintUserMessages: Early EndPlayMap Detection: Level '/Game/ThirdPersonBP/Maps/ThirdPersonExampleMap.ThirdPersonExampleMap:PersistentLevel' has LevelScriptBlueprint '/Game/ThirdPersonBP/Maps/ThirdPersonExampleMap.ThirdPersonExampleMap:PersistentLevel.ThirdPersonExampleMap' with GeneratedClass '/Game/ThirdPersonBP/Maps/ThirdPersonExampleMap.ThirdPersonExampleMap_C' with ClassGeneratedBy '/Game/ThirdPersonBP/Maps/ThirdPersonExampleMap.ThirdPersonExampleMap:PersistentLevel.ThirdPersonExampleMap'
[2018.07.11-21.15.59:749][995]LogBlueprintUserMessages: Late EndPlayMap Detection: Level '/Game/ThirdPersonBP/Maps/ThirdPersonExampleMap.ThirdPersonExampleMap:PersistentLevel' has LevelScriptBlueprint '/Game/ThirdPersonBP/Maps/ThirdPersonExampleMap.ThirdPersonExampleMap:PersistentLevel.ThirdPersonExampleMap' with GeneratedClass '/Game/ThirdPersonBP/Maps/ThirdPersonExampleMap.ThirdPersonExampleMap_C' with ClassGeneratedBy '/Game/ThirdPersonBP/Maps/ThirdPersonExampleMap.ThirdPersonExampleMap:PersistentLevel.ThirdPersonExampleMap'
[2018.07.11-21.16.01:371][ 73]LogSlate: FSceneViewport::OnFocusLost() reason 0
[2018.07.11-21.16.01:455][ 78]LogTemp: Repeating last play command: Selected Viewport
[2018.07.11-21.16.01:472][ 78]LogBlueprintUserMessages: Early PlayInEditor Detection: Level '/Game/ThirdPersonBP/Maps/ThirdPersonExampleMap.ThirdPersonExampleMap:PersistentLevel' has LevelScriptBlueprint '/Game/ThirdPersonBP/Maps/ThirdPersonExampleMap.ThirdPersonExampleMap:PersistentLevel.ThirdPersonExampleMap' with GeneratedClass '/Game/ThirdPersonBP/Maps/ThirdPersonExampleMap.ThirdPersonExampleMap_C' with ClassGeneratedBy '/Game/ThirdPersonBP/Maps/ThirdPersonExampleMap.ThirdPersonExampleMap:PersistentLevel.ThirdPersonExampleMap'
[2018.07.11-21.16.01:472][ 78]LogPlayLevel: PlayLevel: No blueprints needed recompiling
[2018.07.11-21.16.01:472][ 78]PIE: New page: PIE session: ThirdPersonExampleMap (Jul 11, 2018, 11:16:01 AM)
[2018.07.11-21.16.01:472][ 78]LogPlayLevel: Creating play world package: /Game/ThirdPersonBP/Maps/UEDPIE_0_ThirdPersonExampleMap
[2018.07.11-21.16.01:484][ 78]LogPlayLevel: PIE: StaticDuplicateObject took: (0.012454s)
[2018.07.11-21.16.01:485][ 78]LogAIModule: Creating AISystem for world ThirdPersonExampleMap
[2018.07.11-21.16.01:485][ 78]LogPlayLevel: PIE: World Init took: (0.000626s)
[2018.07.11-21.16.01:485][ 78]LogPlayLevel: PIE: Created PIE world by copying editor world from /Game/ThirdPersonBP/Maps/ThirdPersonExampleMap.ThirdPersonExampleMap to /Game/ThirdPersonBP/Maps/UEDPIE_0_ThirdPersonExampleMap.ThirdPersonExampleMap (0.013224s)
[2018.07.11-21.16.01:531][ 78]LogLoad: Game class is 'ThirdPersonGameMode_C'
[2018.07.11-21.16.01:538][ 78]LogWorld: Bringing World /Game/ThirdPersonBP/Maps/UEDPIE_0_ThirdPersonExampleMap.ThirdPersonExampleMap up for play (max tick rate 60) at 2018.07.11-16.16.01
[2018.07.11-21.16.01:539][ 78]LogWorld: Bringing up level for play took: 0.007141
[2018.07.11-21.16.01:540][ 78]PIE: Play in editor start time for /Game/ThirdPersonBP/Maps/UEDPIE_0_ThirdPersonExampleMap 0.547
[2018.07.11-21.16.01:540][ 78]LogBlueprintUserMessages: Late PlayInEditor Detection: Level '/Game/ThirdPersonBP/Maps/ThirdPersonExampleMap.ThirdPersonExampleMap:PersistentLevel' has LevelScriptBlueprint '/Game/ThirdPersonBP/Maps/ThirdPersonExampleMap.ThirdPersonExampleMap:PersistentLevel.ThirdPersonExampleMap' with GeneratedClass '/Game/ThirdPersonBP/Maps/ThirdPersonExampleMap.ThirdPersonExampleMap_C' with ClassGeneratedBy '/Game/ThirdPersonBP/Maps/ThirdPersonExampleMap.ThirdPersonExampleMap:PersistentLevel.ThirdPersonExampleMap'
[2018.07.11-21.16.48:571][897]Set new viewmode: Lit_DetailLighting
[2018.07.11-21.16.49:237][937]Set new viewmode: Lit_DetailLighting
[2018.07.11-21.16.49:771][969]Set new viewmode: Lit
[2018.07.11-21.17.40:272][323]LogBlueprintUserMessages: Early EndPlayMap Detection: Level '/Game/ThirdPersonBP/Maps/ThirdPersonExampleMap.ThirdPersonExampleMap:PersistentLevel' has LevelScriptBlueprint '/Game/ThirdPersonBP/Maps/ThirdPersonExampleMap.ThirdPersonExampleMap:PersistentLevel.ThirdPersonExampleMap' with GeneratedClass '/Game/ThirdPersonBP/Maps/ThirdPersonExampleMap.ThirdPersonExampleMap_C' with ClassGeneratedBy '/Game/ThirdPersonBP/Maps/ThirdPersonExampleMap.ThirdPersonExampleMap:PersistentLevel.ThirdPersonExampleMap'
[2018.07.11-21.17.40:305][323]LogBlueprintUserMessages: Late EndPlayMap Detection: Level '/Game/ThirdPersonBP/Maps/ThirdPersonExampleMap.ThirdPersonExampleMap:PersistentLevel' has LevelScriptBlueprint '/Game/ThirdPersonBP/Maps/ThirdPersonExampleMap.ThirdPersonExampleMap:PersistentLevel.ThirdPersonExampleMap' with GeneratedClass '/Game/ThirdPersonBP/Maps/ThirdPersonExampleMap.ThirdPersonExampleMap_C' with ClassGeneratedBy '/Game/ThirdPersonBP/Maps/ThirdPersonExampleMap.ThirdPersonExampleMap:PersistentLevel.ThirdPersonExampleMap'
[2018.07.11-21.17.44:425][565]LogSlate: FSceneViewport::OnFocusLost() reason 0
[2018.07.11-21.17.45:474][609]LogSlate: FSceneViewport::OnFocusLost() reason 0
[2018.07.11-21.19.09:464][576]LogSlate: FSceneViewport::OnFocusLost() reason 0
[2018.07.11-21.19.09:697][582]LogSlate: Window 'FinalProject - Unreal Editor' being destroyed
[2018.07.11-21.19.09:698][582]LogWindowsTextInputMethodSystem: Display: IME system now deactivated.
[2018.07.11-21.19.10:008][583]Cmd: QUIT_EDITOR
[2018.07.11-21.19.10:834][583]LogSlate: Slate User Destroyed.  User Index 0, Is Virtual User: 0
[2018.07.11-21.19.10:835][583]LogExit: Preparing to exit.
[2018.07.11-21.19.11:843][583]LogDirectoryWatcher: A directory notification for 'C:/Users/iD Student/Desktop/Ritesh K/FinalProject/Content/' was aborted.
[2018.07.11-21.19.11:938][583]LogExit: Editor shut down
[2018.07.11-21.19.11:946][583]LogExit: Transaction tracking system shut down
[2018.07.11-21.19.11:947][583]LogUObjectGlobals: Destroyed PersistentFrame Addr=0x000002759bec21b0, Size=72
[2018.07.11-21.19.11:948][583]LogUObjectGlobals: Destroyed PersistentFrame Addr=0x000002759be50b80, Size=296
[2018.07.11-21.19.12:135][583]LogDirectoryWatcher: A directory notification for '../../../Engine/Content/' was aborted.
[2018.07.11-21.19.12:135][583]LogDirectoryWatcher: A directory notification for '../../../../../../Users/iD Student/Desktop/Ritesh K/FinalProject/Content/' was aborted.
[2018.07.11-21.19.12:135][583]LogDirectoryWatcher: A directory notification for '../../Plugins/2D/Paper2D/Content/' was aborted.
[2018.07.11-21.19.12:135][583]LogDirectoryWatcher: A directory notification for '../../Plugins/Enterprise/DatasmithContent/Content/' was aborted.
[2018.07.11-21.19.12:135][583]LogDirectoryWatcher: A directory notification for '../../Plugins/Media/MediaCompositing/Content/' was aborted.
[2018.07.11-21.19.12:135][583]LogDirectoryWatcher: A directory notification for '../../Plugins/Runtime/AppleARKit/Content/' was aborted.
[2018.07.11-21.19.12:135][583]LogDirectoryWatcher: A directory notification for '../../Plugins/Runtime/Oculus/OculusVR/Content/' was aborted.
[2018.07.11-21.19.12:135][583]LogDirectoryWatcher: A directory notification for '../../Plugins/Runtime/Steam/SteamVR/Content/' was aborted.
[2018.07.11-21.19.12:377][583]LogExit: Object subsystem successfully closed.
[2018.07.11-21.19.12:654][583]LogShaderCompilers: Display: Shaders left to compile 0
[2018.07.11-21.19.12:692][583]LogD3D11RHI: Shutdown
[2018.07.11-21.19.12:692][583]LogD3D11RHI: CleanupD3DDevice
[2018.07.11-21.19.12:728][583]LogD3D11RHI: ~FD3D11DynamicRHI
[2018.07.11-21.19.12:834][583]LogModuleManager: Shutting down and abandoning module MovieSceneCapture (576)
[2018.07.11-21.19.12:834][583]LogModuleManager: Shutting down and abandoning module HierarchicalLODOutliner (574)
[2018.07.11-21.19.12:834][583]LogModuleManager: Shutting down and abandoning module SceneOutliner (572)
[2018.07.11-21.19.12:844][583]LogModuleManager: Shutting down and abandoning module AddContentDialog (570)
[2018.07.11-21.19.12:845][583]LogDirectoryWatcher: A directory notification for 'C:/Program Files/Epic Games/UE_4.19/FeaturePacks/' was aborted.
[2018.07.11-21.19.12:846][583]LogModuleManager: Shutting down and abandoning module WidgetCarousel (569)
[2018.07.11-21.19.12:846][583]LogModuleManager: Shutting down and abandoning module EditorWidgets (566)
[2018.07.11-21.19.12:846][583]LogModuleManager: Shutting down and abandoning module CollectionManager (564)
[2018.07.11-21.19.12:848][583]LogDirectoryWatcher: A directory notification for 'C:/Users/iD Student/Desktop/Ritesh K/FinalProject/Content/Collections/' was aborted.
[2018.07.11-21.19.12:848][583]LogDirectoryWatcher: A directory notification for 'C:/Users/iD Student/Desktop/Ritesh K/FinalProject/Content/Developers/iDStudent/Collections/' was aborted.
[2018.07.11-21.19.12:848][583]LogDirectoryWatcher: A directory notification for 'C:/Users/iD Student/Desktop/Ritesh K/FinalProject/Saved/Collections/' was aborted.
[2018.07.11-21.19.12:848][583]LogModuleManager: Shutting down and abandoning module StatsViewer (562)
[2018.07.11-21.19.12:849][583]LogModuleManager: Shutting down and abandoning module FoliageEdit (560)
[2018.07.11-21.19.12:849][583]LogModuleManager: Shutting down and abandoning module LandscapeEditor (558)
[2018.07.11-21.19.12:850][583]LogModuleManager: Shutting down and abandoning module MeshPaintMode (556)
[2018.07.11-21.19.12:851][583]LogModuleManager: Shutting down and abandoning module SceneDepthPickerMode (554)
[2018.07.11-21.19.12:851][583]LogModuleManager: Shutting down and abandoning module ActorPickerMode (552)
[2018.07.11-21.19.12:851][583]LogModuleManager: Shutting down and abandoning module GeometryMode (550)
[2018.07.11-21.19.12:851][583]LogModuleManager: Shutting down and abandoning module TextureAlignMode (548)
[2018.07.11-21.19.12:851][583]LogModuleManager: Shutting down and abandoning module BspMode (546)
[2018.07.11-21.19.12:851][583]LogModuleManager: Shutting down and abandoning module PIEPreviewDeviceProfileSelector (544)
[2018.07.11-21.19.12:851][583]LogModuleManager: Shutting down and abandoning module HardwareSurvey (542)
[2018.07.11-21.19.12:851][583]LogModuleManager: Shutting down and abandoning module SequenceRecorderSections (540)
[2018.07.11-21.19.12:852][583]LogModuleManager: Shutting down and abandoning module AutomationWorker (538)
[2018.07.11-21.19.12:852][583]LogModuleManager: Shutting down and abandoning module AudioCaptureEditor (536)
[2018.07.11-21.19.12:852][583]LogModuleManager: Shutting down and abandoning module SequenceRecorder (535)
[2018.07.11-21.19.12:853][583]LogModuleManager: Shutting down and abandoning module MatineeToLevelSequence (532)
[2018.07.11-21.19.12:853][583]LogModuleManager: Shutting down and abandoning module LevelSequenceEditor (530)
[2018.07.11-21.19.12:857][583]LogModuleManager: Shutting down and abandoning module PlacementMode (529)
[2018.07.11-21.19.12:857][583]LogModuleManager: Shutting down and abandoning module MaterialEditor (528)
[2018.07.11-21.19.12:862][583]LogModuleManager: Shutting down and abandoning module WmfMediaFactory (524)
[2018.07.11-21.19.12:863][583]LogModuleManager: Shutting down and abandoning module WmfMediaEditor (522)
[2018.07.11-21.19.12:863][583]LogModuleManager: Shutting down and abandoning module MediaPlayerEditor (520)
[2018.07.11-21.19.12:865][583]LogModuleManager: Shutting down and abandoning module OpenExrWrapper (518)
[2018.07.11-21.19.12:866][583]LogModuleManager: Shutting down and abandoning module ImgMediaFactory (516)
[2018.07.11-21.19.12:866][583]LogModuleManager: Shutting down and abandoning module ImgMediaEditor (514)
[2018.07.11-21.19.12:866][583]LogModuleManager: Shutting down and abandoning module AvfMediaFactory (512)
[2018.07.11-21.19.12:866][583]LogModuleManager: Shutting down and abandoning module AvfMediaEditor (510)
[2018.07.11-21.19.12:866][583]LogModuleManager: Shutting down and abandoning module AndroidMediaFactory (508)
[2018.07.11-21.19.12:866][583]LogModuleManager: Shutting down and abandoning module AndroidMediaEditor (506)
[2018.07.11-21.19.12:866][583]LogModuleManager: Shutting down and abandoning module CharacterAI (504)
[2018.07.11-21.19.12:866][583]LogModuleManager: Shutting down and abandoning module SmartSnapping (502)
[2018.07.11-21.19.12:866][583]LogModuleManager: Shutting down and abandoning module SessionServices (500)
[2018.07.11-21.19.12:866][583]LogModuleManager: Shutting down and abandoning module ViewportSnapping (498)
[2018.07.11-21.19.12:866][583]LogModuleManager: Shutting down and abandoning module ViewportInteraction (496)
[2018.07.11-21.19.12:866][583]LogModuleManager: Shutting down and abandoning module ClothPainter (494)
[2018.07.11-21.19.12:867][583]LogModuleManager: Shutting down and abandoning module SkeletalMeshEditor (493)
[2018.07.11-21.19.12:870][583]LogModuleManager: Shutting down and abandoning module LogVisualizer (490)
[2018.07.11-21.19.12:872][583]LogModuleManager: Shutting down and abandoning module IntroTutorials (488)
[2018.07.11-21.19.12:874][583]LogModuleManager: Shutting down and abandoning module GameProjectGeneration (487)
[2018.07.11-21.19.12:876][583]LogModuleManager: Shutting down and abandoning module IOSPlatformEditor (484)
[2018.07.11-21.19.12:877][583]LogModuleManager: Shutting down and abandoning module HTML5PlatformEditor (482)
[2018.07.11-21.19.12:877][583]LogModuleManager: Shutting down and abandoning module AndroidPlatformEditor (480)
[2018.07.11-21.19.12:877][583]LogModuleManager: Shutting down and abandoning module AndroidDeviceDetection (479)
[2018.07.11-21.19.13:114][583]LogModuleManager: Shutting down and abandoning module WindowsPlatformEditor (476)
[2018.07.11-21.19.13:114][583]LogModuleManager: Shutting down and abandoning module IOSRuntimeSettings (474)
[2018.07.11-21.19.13:114][583]LogModuleManager: Shutting down and abandoning module AndroidRuntimeSettings (472)
[2018.07.11-21.19.13:114][583]LogModuleManager: Shutting down and abandoning module InputBindingEditor (470)
[2018.07.11-21.19.13:115][583]LogModuleManager: Shutting down and abandoning module MergeActors (468)
[2018.07.11-21.19.13:116][583]LogModuleManager: Shutting down and abandoning module LocalizationDashboard (466)
[2018.07.11-21.19.13:118][583]LogModuleManager: Shutting down and abandoning module LocalizationService (465)
[2018.07.11-21.19.13:118][583]LogModuleManager: Shutting down and abandoning module HardwareTargeting (462)
[2018.07.11-21.19.13:118][583]LogModuleManager: Shutting down and abandoning module DeviceProfileEditor (460)
[2018.07.11-21.19.13:119][583]LogModuleManager: Shutting down and abandoning module UndoHistory (458)
[2018.07.11-21.19.13:119][583]LogModuleManager: Shutting down and abandoning module XmlParser (456)
[2018.07.11-21.19.13:119][583]LogModuleManager: Shutting down and abandoning module Blutility (454)
[2018.07.11-21.19.13:119][583]LogModuleManager: Shutting down and abandoning module ProjectSettingsViewer (452)
[2018.07.11-21.19.13:119][583]LogModuleManager: Shutting down and abandoning module ProjectTargetPlatformEditor (451)
[2018.07.11-21.19.13:120][583]LogModuleManager: Shutting down and abandoning module EditorSettingsViewer (448)
[2018.07.11-21.19.13:120][583]LogModuleManager: Shutting down and abandoning module SettingsEditor (446)
[2018.07.11-21.19.13:122][583]LogModuleManager: Shutting down and abandoning module ProjectLauncher (444)
[2018.07.11-21.19.13:123][583]LogModuleManager: Shutting down and abandoning module SessionFrontend (442)
[2018.07.11-21.19.13:123][583]LogModuleManager: Shutting down and abandoning module ProfilerClient (440)
[2018.07.11-21.19.13:124][583]LogModuleManager: Shutting down and abandoning module DeviceManager (438)
[2018.07.11-21.19.13:124][583]LogModuleManager: Shutting down and abandoning module TargetDeviceServices (437)
[2018.07.11-21.19.13:189][583]LogModuleManager: Shutting down and abandoning module AutomationController (434)
[2018.07.11-21.19.13:191][583]LogModuleManager: Shutting down and abandoning module AutomationWindow (432)
[2018.07.11-21.19.13:193][583]LogModuleManager: Shutting down and abandoning module Layers (430)
[2018.07.11-21.19.13:197][583]LogModuleManager: Shutting down and abandoning module ComponentVisualizers (428)
[2018.07.11-21.19.13:197][583]LogModuleManager: Shutting down and abandoning module DetailCustomizations (426)
[2018.07.11-21.19.13:200][583]LogModuleManager: Shutting down and abandoning module PackagesDialog (424)
[2018.07.11-21.19.13:202][583]LogModuleManager: Shutting down and abandoning module Persona (422)
[2018.07.11-21.19.13:204][583]LogModuleManager: Shutting down and abandoning module AdvancedPreviewScene (421)
[2018.07.11-21.19.13:204][583]LogModuleManager: Shutting down and abandoning module AnimGraph (419)
[2018.07.11-21.19.13:204][583]LogModuleManager: Shutting down and abandoning module Kismet (416)
[2018.07.11-21.19.13:206][583]LogModuleManager: Shutting down and abandoning module GraphEditor (414)
[2018.07.11-21.19.13:217][583]LogModuleManager: Shutting down and abandoning module ClassViewer (412)
[2018.07.11-21.19.13:217][583]LogModuleManager: Shutting down and abandoning module Toolbox (410)
[2018.07.11-21.19.13:217][583]LogModuleManager: Shutting down and abandoning module ModuleUI (408)
[2018.07.11-21.19.13:218][583]LogModuleManager: Shutting down and abandoning module MovieSceneTools (406)
[2018.07.11-21.19.13:221][583]LogModuleManager: Shutting down and abandoning module OutputLog (404)
[2018.07.11-21.19.13:221][583]LogModuleManager: Shutting down and abandoning module GammaUI (402)
[2018.07.11-21.19.13:222][583]LogModuleManager: Shutting down and abandoning module Documentation (400)
[2018.07.11-21.19.13:222][583]LogModuleManager: Shutting down and abandoning module MovieSceneTracks (398)
[2018.07.11-21.19.13:222][583]LogModuleManager: Shutting down and abandoning module MovieScene (396)
[2018.07.11-21.19.13:222][583]LogModuleManager: Shutting down and abandoning module StreamingPauseRendering (394)
[2018.07.11-21.19.13:222][583]LogModuleManager: Shutting down and abandoning module LauncherPlatform (392)
[2018.07.11-21.19.13:222][583]LogModuleManager: Shutting down and abandoning module AnalyticsET (390)
[2018.07.11-21.19.13:222][583]LogModuleManager: Shutting down and abandoning module PortalServices (388)
[2018.07.11-21.19.13:222][583]LogModuleManager: Shutting down and abandoning module PortalRpc (386)
[2018.07.11-21.19.13:222][583]LogModuleManager: Shutting down and abandoning module MessagingRpc (384)
[2018.07.11-21.19.13:222][583]LogModuleManager: Shutting down and abandoning module AIModule (382)
[2018.07.11-21.19.13:222][583]LogModuleManager: Shutting down and abandoning module GameplayDebugger (381)
[2018.07.11-21.19.13:222][583]LogModuleManager: Shutting down and abandoning module AITestSuite (379)
[2018.07.11-21.19.13:223][583]LogModuleManager: Shutting down and abandoning module DesktopPlatform (376)
[2018.07.11-21.19.13:224][583]LogModuleManager: Shutting down and abandoning module ProfilerService (374)
[2018.07.11-21.19.13:406][583]LogModuleManager: Shutting down and abandoning module TaskGraph (372)
[2018.07.11-21.19.13:412][583]LogModuleManager: Shutting down and abandoning module SteamVRController (370)
[2018.07.11-21.19.13:412][583]LogModuleManager: Shutting down and abandoning module ProceduralMeshComponentEditor (368)
[2018.07.11-21.19.13:412][583]LogModuleManager: Shutting down and abandoning module ProceduralMeshComponent (366)
[2018.07.11-21.19.13:412][583]LogModuleManager: Shutting down and abandoning module OculusInput (364)
[2018.07.11-21.19.13:414][583]LogModuleManager: Shutting down and abandoning module MobilePatchingUtils (362)
[2018.07.11-21.19.13:414][583]LogModuleManager: Shutting down and abandoning module CustomMeshComponent (360)
[2018.07.11-21.19.13:414][583]LogModuleManager: Shutting down and abandoning module CableComponent (358)
[2018.07.11-21.19.13:414][583]LogModuleManager: Shutting down and abandoning module AudioCapture (356)
[2018.07.11-21.19.13:414][583]LogModuleManager: Shutting down and abandoning module ArchVisCharacter (354)
[2018.07.11-21.19.13:414][583]LogModuleManager: Shutting down and abandoning module AndroidPermission (352)
[2018.07.11-21.19.13:415][583]LogModuleManager: Shutting down and abandoning module NUTUnrealEngine4 (348)
[2018.07.11-21.19.13:415][583]LogModuleManager: Shutting down and abandoning module NetcodeUnitTest (346)
[2018.07.11-21.19.13:416][583]LogModuleManager: Shutting down and abandoning module MediaCompositingEditor (344)
[2018.07.11-21.19.13:417][583]LogModuleManager: Shutting down and abandoning module MediaCompositing (342)
[2018.07.11-21.19.13:417][583]LogModuleManager: Shutting down and abandoning module LinearTimecode (340)
[2018.07.11-21.19.13:417][583]LogModuleManager: Shutting down and abandoning module ImgMedia (338)
[2018.07.11-21.19.13:420][583]LogModuleManager: Shutting down and abandoning module HTML5Networking (336)
[2018.07.11-21.19.13:420][583]LogModuleManager: Shutting down and abandoning module AlembicImporter (334)
[2018.07.11-21.19.13:421][583]LogModuleManager: Shutting down and abandoning module AlembicLibrary (333)
[2018.07.11-21.19.13:421][583]LogModuleManager: Shutting down and abandoning module GeometryCache (332)
[2018.07.11-21.19.13:421][583]LogModuleManager: Shutting down and abandoning module GeometryCacheEd (331)
[2018.07.11-21.19.13:421][583]LogModuleManager: Shutting down and abandoning module DatasmithContent (326)
[2018.07.11-21.19.13:421][583]LogModuleManager: Shutting down and abandoning module SpeedTreeImporter (324)
[2018.07.11-21.19.13:421][583]LogModuleManager: Shutting down and abandoning module PluginBrowser (322)
[2018.07.11-21.19.13:429][583]LogModuleManager: Shutting down and abandoning module MobileLauncherProfileWizard (320)
[2018.07.11-21.19.13:476][583]LogModuleManager: Shutting down and abandoning module CryptoKeysOpenSSL (318)
[2018.07.11-21.19.13:478][583]LogModuleManager: Shutting down and abandoning module CryptoKeys (316)
[2018.07.11-21.19.13:478][583]LogModuleManager: Shutting down and abandoning module VisualStudioSourceCodeAccess (314)
[2018.07.11-21.19.13:478][583]LogModuleManager: Shutting down and abandoning module VisualStudioCodeSourceCodeAccess (312)
[2018.07.11-21.19.13:478][583]LogModuleManager: Shutting down and abandoning module UObjectPlugin (310)
[2018.07.11-21.19.13:478][583]LogModuleManager: Shutting down and abandoning module SubversionSourceControl (308)
[2018.07.11-21.19.13:482][583]LogModuleManager: Shutting down and abandoning module PerforceSourceControl (306)
[2018.07.11-21.19.13:485][583]LogModuleManager: Shutting down and abandoning module GitSourceControl (304)
[2018.07.11-21.19.13:487][583]LogModuleManager: Shutting down and abandoning module SourceControl (303)
[2018.07.11-21.19.13:488][583]LogModuleManager: Shutting down and abandoning module CLionSourceCodeAccess (300)
[2018.07.11-21.19.13:489][583]LogModuleManager: Shutting down and abandoning module LightPropagationVolumeEditor (298)
[2018.07.11-21.19.13:489][583]LogModuleManager: Shutting down and abandoning module PaperTiledImporter (296)
[2018.07.11-21.19.13:489][583]LogModuleManager: Shutting down and abandoning module PaperSpriteSheetImporter (294)
[2018.07.11-21.19.13:489][583]LogModuleManager: Shutting down and abandoning module Paper2DEditor (292)
[2018.07.11-21.19.13:490][583]LogModuleManager: Shutting down and abandoning module MeshPaint (291)
[2018.07.11-21.19.13:491][583]LogModuleManager: Shutting down and abandoning module RuntimePhysXCooking (288)
[2018.07.11-21.19.13:491][583]LogModuleManager: Shutting down and abandoning module PhysXVehiclesEditor (286)
[2018.07.11-21.19.13:491][583]LogModuleManager: Shutting down and abandoning module PhysXVehicles (284)
[2018.07.11-21.19.13:491][583]LogModuleManager: Shutting down and abandoning module OculusEditor (282)
[2018.07.11-21.19.13:491][583]LogModuleManager: Shutting down and abandoning module LocationServicesBPLibrary (280)
[2018.07.11-21.19.13:491][583]LogModuleManager: Shutting down and abandoning module ImmediatePhysicsEditor (278)
[2018.07.11-21.19.13:491][583]LogModuleManager: Shutting down and abandoning module ImmediatePhysics (276)
[2018.07.11-21.19.13:492][583]LogModuleManager: Shutting down and abandoning module ActorSequence (274)
[2018.07.11-21.19.13:492][583]LogModuleManager: Shutting down and abandoning module UdpMessaging (272)
[2018.07.11-21.19.13:593][583]LogModuleManager: Shutting down and abandoning module TcpMessaging (270)
[2018.07.11-21.19.13:695][583]LogModuleManager: Shutting down and abandoning module GameplayTagsEditor (268)
[2018.07.11-21.19.13:697][583]LogModuleManager: Shutting down and abandoning module FacialAnimationEditor (266)
[2018.07.11-21.19.13:697][583]LogModuleManager: Shutting down and abandoning module FacialAnimation (264)
[2018.07.11-21.19.13:697][583]LogModuleManager: Shutting down and abandoning module DataValidation (262)
[2018.07.11-21.19.13:697][583]LogModuleManager: Shutting down and abandoning module AssetManagerEditor (260)
[2018.07.11-21.19.13:698][583]LogModuleManager: Shutting down and abandoning module LevelEditor (259)
[2018.07.11-21.19.13:700][583]LogModuleManager: Shutting down and abandoning module PixelInspectorModule (258)
[2018.07.11-21.19.13:700][583]LogModuleManager: Shutting down and abandoning module CommonMenuExtensions (256)
[2018.07.11-21.19.13:701][583]LogModuleManager: Shutting down and abandoning module MainFrame (254)
[2018.07.11-21.19.13:701][583]LogModuleManager: Shutting down and abandoning module HotReload (253)
[2018.07.11-21.19.13:702][583]LogModuleManager: Shutting down and abandoning module ContentBrowser (249)
[2018.07.11-21.19.13:703][583]LogModuleManager: Shutting down and abandoning module TreeMap (247)
[2018.07.11-21.19.13:703][583]LogModuleManager: Shutting down and abandoning module LightPropagationVolumeRuntime (244)
[2018.07.11-21.19.13:704][583]LogModuleManager: Shutting down and abandoning module LiveLinkEditor (242)
[2018.07.11-21.19.13:705][583]LogModuleManager: Shutting down and abandoning module LiveLink (240)
[2018.07.11-21.19.14:695][583]LogModuleManager: Shutting down and abandoning module Paper2D (238)
[2018.07.11-21.19.14:696][583]LogModuleManager: Shutting down and abandoning module WindowsMoviePlayer (236)
[2018.07.11-21.19.14:696][583]LogModuleManager: Shutting down and abandoning module WmfMedia (234)
[2018.07.11-21.19.14:702][583]LogModuleManager: Shutting down and abandoning module Media (233)
[2018.07.11-21.19.14:709][583]LogModuleManager: Shutting down and abandoning module PacketHandler (230)
[2018.07.11-21.19.14:709][583]LogModuleManager: Shutting down and abandoning module ClothingSystemEditor (228)
[2018.07.11-21.19.14:709][583]LogModuleManager: Shutting down and abandoning module ClothingSystemRuntime (226)
[2018.07.11-21.19.14:719][583]LogModuleManager: Shutting down and abandoning module MediaAssets (224)
[2018.07.11-21.19.14:719][583]LogModuleManager: Shutting down and abandoning module Overlay (222)
[2018.07.11-21.19.14:719][583]LogModuleManager: Shutting down and abandoning module OverlayEditor (221)
[2018.07.11-21.19.14:719][583]LogModuleManager: Shutting down and abandoning module VREditor (218)
[2018.07.11-21.19.14:721][583]LogModuleManager: Shutting down and abandoning module StringTableEditor (216)
[2018.07.11-21.19.14:722][583]LogModuleManager: Shutting down and abandoning module GameplayTasksEditor (214)
[2018.07.11-21.19.14:722][583]LogModuleManager: Shutting down and abandoning module BehaviorTreeEditor (212)
[2018.07.11-21.19.14:726][583]LogModuleManager: Shutting down and abandoning module FunctionalTesting (210)
[2018.07.11-21.19.14:727][583]LogModuleManager: Shutting down and abandoning module CollisionAnalyzer (208)
[2018.07.11-21.19.14:730][583]LogModuleManager: Shutting down and abandoning module WorkspaceMenuStructure (207)
[2018.07.11-21.19.14:730][583]LogModuleManager: Shutting down and abandoning module UMG (204)
[2018.07.11-21.19.14:731][583]LogModuleManager: Shutting down and abandoning module UMGEditor (203)
[2018.07.11-21.19.14:734][583]LogModuleManager: Shutting down and abandoning module Sequencer (202)
[2018.07.11-21.19.14:735][583]LogModuleManager: Shutting down and abandoning module MessageLog (199)
[2018.07.11-21.19.14:735][583]LogModuleManager: Shutting down and abandoning module SlateReflector (194)
[2018.07.11-21.19.14:741][583]LogModuleManager: Shutting down and abandoning module Slate (192)
[2018.07.11-21.19.14:741][583]LogModuleManager: Shutting down and abandoning module EditorStyle (190)
[2018.07.11-21.19.14:743][583]LogModuleManager: Shutting down and abandoning module MRMesh (188)
[2018.07.11-21.19.14:743][583]LogModuleManager: Shutting down and abandoning module SourceCodeAccess (186)
[2018.07.11-21.19.14:744][583]LogModuleManager: Shutting down and abandoning module HeadMountedDisplay (184)
[2018.07.11-21.19.14:744][583]LogModuleManager: Shutting down and abandoning module XAudio2 (182)
[2018.07.11-21.19.14:744][583]LogModuleManager: Shutting down and abandoning module Networking (180)
[2018.07.11-21.19.14:744][583]LogModuleManager: Shutting down and abandoning module Core (178)
[2018.07.11-21.19.14:744][583]LogModuleManager: Shutting down and abandoning module LevelSequence (176)
[2018.07.11-21.19.14:744][583]LogModuleManager: Shutting down and abandoning module KismetCompiler (174)
[2018.07.11-21.19.14:744][583]LogModuleManager: Shutting down and abandoning module MeshUtilities (172)
[2018.07.11-21.19.14:745][583]LogModuleManager: Shutting down and abandoning module MeshMergeUtilities (171)
[2018.07.11-21.19.14:745][583]LogModuleManager: Shutting down and abandoning module MeshReductionInterface (170)
[2018.07.11-21.19.14:745][583]LogModuleManager: Shutting down and abandoning module SimplygonSwarm (169)
[2018.07.11-21.19.14:746][583]LogModuleManager: Shutting down and abandoning module SimplygonMeshReduction (167)
[2018.07.11-21.19.14:747][583]LogModuleManager: Shutting down and abandoning module QuadricMeshReduction (165)
[2018.07.11-21.19.14:747][583]LogModuleManager: Shutting down and abandoning module MaterialBaking (161)
[2018.07.11-21.19.14:748][583]LogModuleManager: Shutting down and abandoning module DirectoryWatcher (157)
[2018.07.11-21.19.14:749][583]LogModuleManager: Shutting down and abandoning module DerivedDataCache (154)
[2018.07.11-21.19.14:767][583]LogDerivedDataCache: Shutdown
[2018.07.11-21.19.14:767][583]LogModuleManager: Shutting down and abandoning module XGEController (152)
[2018.07.11-21.19.14:767][583]LogXGEController: Cleaning working directory: C:/Users/iD Student/AppData/Local/Temp/UnrealXGEWorkingDir/
[2018.07.11-21.19.14:767][583]LogModuleManager: Shutting down and abandoning module TargetPlatform (150)
[2018.07.11-21.19.14:767][583]LogModuleManager: Shutting down and abandoning module VulkanShaderFormat (149)
[2018.07.11-21.19.14:768][583]LogModuleManager: Shutting down and abandoning module ShaderFormatVectorVM (147)
[2018.07.11-21.19.14:769][583]LogModuleManager: Shutting down and abandoning module ShaderFormatOpenGL (145)
[2018.07.11-21.19.14:770][583]LogModuleManager: Shutting down and abandoning module ShaderFormatD3D (143)
[2018.07.11-21.19.14:770][583]LogModuleManager: Shutting down and abandoning module MetalShaderFormat (141)
[2018.07.11-21.19.14:771][583]LogModuleManager: Shutting down and abandoning module TextureFormatUncompressed (139)
[2018.07.11-21.19.14:771][583]LogModuleManager: Shutting down and abandoning module TextureFormatPVR (137)
[2018.07.11-21.19.14:771][583]LogModuleManager: Shutting down and abandoning module TextureFormatDXT (135)
[2018.07.11-21.19.14:771][583]LogModuleManager: Shutting down and abandoning module TextureFormatIntelISPCTexComp (133)
[2018.07.11-21.19.14:773][583]LogModuleManager: Shutting down and abandoning module TextureFormatASTC (131)
[2018.07.11-21.19.14:773][583]LogModuleManager: Shutting down and abandoning module ImageWrapper (130)
[2018.07.11-21.19.14:773][583]LogModuleManager: Shutting down and abandoning module TextureFormatAndroid (127)
[2018.07.11-21.19.14:773][583]LogModuleManager: Shutting down and abandoning module AudioFormatOpus (125)
[2018.07.11-21.19.14:773][583]LogModuleManager: Shutting down and abandoning module AudioFormatOgg (123)
[2018.07.11-21.19.14:773][583]LogModuleManager: Shutting down and abandoning module AudioFormatADPCM (121)
[2018.07.11-21.19.14:773][583]LogModuleManager: Shutting down and abandoning module LinuxTargetPlatform (119)
[2018.07.11-21.19.14:773][583]LogModuleManager: Shutting down and abandoning module LinuxServerTargetPlatform (117)
[2018.07.11-21.19.14:773][583]LogModuleManager: Shutting down and abandoning module LinuxNoEditorTargetPlatform (115)
[2018.07.11-21.19.14:773][583]LogModuleManager: Shutting down and abandoning module LinuxClientTargetPlatform (113)
[2018.07.11-21.19.14:773][583]LogModuleManager: Shutting down and abandoning module TVOSTargetPlatform (111)
[2018.07.11-21.19.14:773][583]LogModuleManager: Shutting down and abandoning module Messaging (109)
[2018.07.11-21.19.14:773][583]LogModuleManager: Shutting down and abandoning module IOSTargetPlatform (107)
[2018.07.11-21.19.14:773][583]LogModuleManager: Shutting down and abandoning module HTML5TargetPlatform (105)
[2018.07.11-21.19.14:773][583]LogModuleManager: Shutting down and abandoning module AndroidTargetPlatform (103)
[2018.07.11-21.19.14:773][583]LogModuleManager: Shutting down and abandoning module Android_PVRTCTargetPlatform (101)
[2018.07.11-21.19.14:773][583]LogModuleManager: Shutting down and abandoning module Android_MultiTargetPlatform (99)
[2018.07.11-21.19.14:773][583]LogModuleManager: Shutting down and abandoning module Android_ETC2TargetPlatform (97)
[2018.07.11-21.19.14:773][583]LogModuleManager: Shutting down and abandoning module Android_ETC1TargetPlatform (95)
[2018.07.11-21.19.14:773][583]LogModuleManager: Shutting down and abandoning module Android_ETC1aTargetPlatform (93)
[2018.07.11-21.19.14:773][583]LogModuleManager: Shutting down and abandoning module Android_DXTTargetPlatform (91)
[2018.07.11-21.19.14:773][583]LogModuleManager: Shutting down and abandoning module Android_ATCTargetPlatform (89)
[2018.07.11-21.19.14:773][583]LogModuleManager: Shutting down and abandoning module Android_ASTCTargetPlatform (87)
[2018.07.11-21.19.14:773][583]LogModuleManager: Shutting down and abandoning module WindowsTargetPlatform (85)
[2018.07.11-21.19.14:773][583]LogModuleManager: Shutting down and abandoning module WindowsServerTargetPlatform (83)
[2018.07.11-21.19.14:773][583]LogModuleManager: Shutting down and abandoning module WindowsNoEditorTargetPlatform (81)
[2018.07.11-21.19.14:773][583]LogModuleManager: Shutting down and abandoning module WindowsClientTargetPlatform (79)
[2018.07.11-21.19.14:773][583]LogModuleManager: Shutting down and abandoning module MacTargetPlatform (77)
[2018.07.11-21.19.14:773][583]LogModuleManager: Shutting down and abandoning module MacServerTargetPlatform (75)
[2018.07.11-21.19.14:773][583]LogModuleManager: Shutting down and abandoning module MacNoEditorTargetPlatform (73)
[2018.07.11-21.19.14:773][583]LogModuleManager: Shutting down and abandoning module MacClientTargetPlatform (71)
[2018.07.11-21.19.14:773][583]LogModuleManager: Shutting down and abandoning module AllDesktopTargetPlatform (69)
[2018.07.11-21.19.14:773][583]LogModuleManager: Shutting down and abandoning module InputCore (66)
[2018.07.11-21.19.14:773][583]LogModuleManager: Shutting down and abandoning module Settings (64)
[2018.07.11-21.19.14:773][583]LogModuleManager: Shutting down and abandoning module PhysXCooking (62)
[2018.07.11-21.19.14:773][583]LogModuleManager: Shutting down and abandoning module SteamVR (60)
[2018.07.11-21.19.14:773][583]LogModuleManager: Shutting down and abandoning module OculusHMD (58)
[2018.07.11-21.19.14:775][583]LogModuleManager: Shutting down and abandoning module ExampleDeviceProfileSelector (56)
[2018.07.11-21.19.14:775][583]LogModuleManager: Shutting down and abandoning module AppleARKit (54)
[2018.07.11-21.19.14:775][583]LogModuleManager: Shutting down and abandoning module AugmentedReality (51)
[2018.07.11-21.19.14:775][583]LogModuleManager: Shutting down and abandoning module OnlineBlueprintSupport (48)
[2018.07.11-21.19.14:775][583]LogModuleManager: Shutting down and abandoning module OnlineSubsystem (44)
[2018.07.11-21.19.14:777][583]LogModuleManager: Shutting down and abandoning module XMPP (43)
[2018.07.11-21.19.14:780][583]LogModuleManager: Shutting down and abandoning module HTTP (41)
[2018.07.11-21.19.14:780][583]LogHttp: Display: Http module shutting down, but needs to wait on 1 outstanding Http requests:
[2018.07.11-21.19.14:780][583]LogHttp: Display: 	verb=[POST] url=[https://datarouter.ol.epicgames.com/datarouter/api/v1/public/data?SessionID=%7B2ED6E5E2-4991-0A11-2ACD-A68C6A3265AD%7D&AppID=UEEditor.Rocket.Release&AppVersion=4.19.2-4033788%2B%2B%2BUE4%2BRelease-4.19&UserID=dcd471b646d573247cef9fa5470a1f9f%7Cadcd797a985f4273bfcae8c5ae765a83%7C16c86cd0-81c5-4a15-b7c9-3269d3a6479e&AppEnvironment=datacollector-binary&UploadType=eteventstream] status=Processing
[2018.07.11-21.19.14:803][583]LogModuleManager: Shutting down and abandoning module SSL (40)
[2018.07.11-21.19.14:817][583]LogModuleManager: Shutting down and abandoning module AnimationModifiers (36)
[2018.07.11-21.19.14:820][583]LogModuleManager: Shutting down and abandoning module PropertyEditor (35)
[2018.07.11-21.19.14:831][583]LogModuleManager: Shutting down and abandoning module AudioEditor (32)
[2018.07.11-21.19.14:832][583]LogModuleManager: Shutting down and abandoning module TextureCompressor (30)
[2018.07.11-21.19.14:833][583]LogModuleManager: Shutting down and abandoning module ShaderCore (28)
[2018.07.11-21.19.14:833][583]LogModuleManager: Shutting down and abandoning module Landscape (26)
[2018.07.11-21.19.14:833][583]LogModuleManager: Shutting down and abandoning module SlateRHIRenderer (24)
[2018.07.11-21.19.14:836][583]LogModuleManager: Shutting down and abandoning module OpenGLDrv (22)
[2018.07.11-21.19.14:838][583]LogModuleManager: Shutting down and abandoning module D3D11RHI (20)
[2018.07.11-21.19.14:838][583]LogModuleManager: Shutting down and abandoning module AnimGraphRuntime (18)
[2018.07.11-21.19.14:838][583]LogModuleManager: Shutting down and abandoning module Renderer (16)
[2018.07.11-21.19.14:838][583]LogModuleManager: Shutting down and abandoning module Engine (14)
[2018.07.11-21.19.14:838][583]LogModuleManager: Shutting down and abandoning module CoreUObject (12)
[2018.07.11-21.19.14:838][583]LogModuleManager: Shutting down and abandoning module NetworkFile (10)
[2018.07.11-21.19.14:838][583]LogModuleManager: Shutting down and abandoning module CookedIterativeFile (8)
[2018.07.11-21.19.14:838][583]LogModuleManager: Shutting down and abandoning module StreamingFile (6)
[2018.07.11-21.19.14:839][583]LogModuleManager: Shutting down and abandoning module SandboxFile (4)
[2018.07.11-21.19.14:839][583]LogModuleManager: Shutting down and abandoning module PakFile (2)
[2018.07.11-21.19.14:848][583]LogExit: Exiting.
[2018.07.11-21.19.14:870][583]Log file closed, 07/11/18 16:19:14
